Arguments: 
  C:\Program Files\nodejs\node.exe C:\Users\junio\AppData\Roaming\npm\node_modules\yarn\bin\yarn.js start

PATH: 
  C:\Users\junio\AppData\Local\Temp\Rar$EXa0.862\vendor\bin;C:\Users\junio\AppData\Local\Temp\Rar$EXa0.862\vendor\git-for-windows\cmd;C:\Users\junio\AppData\Local\Temp\Rar$EXa0.862\vendor\conemu-maximus5\ConEmu\Scripts;C:\Users\junio\AppData\Local\Temp\Rar$EXa0.862\vendor\conemu-maximus5;C:\Users\junio\AppData\Local\Temp\Rar$EXa0.862\vendor\conemu-maximus5\ConEmu;E:\WinRar;C:\Program Files\Microsoft MPI\Bin\;C:\Program Files (x86)\Common Files\Oracle\Java\javapath;C:\ProgramData\Oracle\Java\javapath;C:\Windows\system32;C:\Windows;C:\Windows\System32\Wbem;C:\Windows\System32\WindowsPowerShell\v1.0\;C:\Windows\System32\OpenSSH\;C:\Program Files (x86)\NVIDIA Corporation\PhysX\Common;C:\Program Files\NVIDIA Corporation\NVIDIA NvDLISR;C:\Program Files\Microsoft SQL Server\Client SDK\ODBC\130\Tools\Binn\;C:\Program Files (x86)\Microsoft SQL Server\140\Tools\Binn\;C:\Program Files\Microsoft SQL Server\140\Tools\Binn\;C:\Program Files\Microsoft SQL Server\140\DTS\Binn\;C:\Program Files (x86)\Microsoft SQL Server\150\DTS\Binn\;C:\Program Files (x86)\Microsoft SQL Server\140\DTS\Binn\;E:\Process Lasso\;C:\Program Files\Git\cmd;C:\Program Files\Microsoft SQL Server\Client SDK\ODBC\170\Tools\Binn\;C:\WINDOWS\system32;C:\WINDOWS;C:\WINDOWS\System32\Wbem;C:\WINDOWS\System32\WindowsPowerShell\v1.0\;C:\WINDOWS\System32\OpenSSH\;C:\Program Files\nodejs\;C:\Users\junio\AppData\Local\Microsoft\WindowsApps;C:\Users\junio\AppData\Local\Programs\Microsoft VS Code\bin;C:\Users\junio\AppData\Local\GitHubDesktop\bin;C:\Users\junio\AppData\Roaming\npm;C:\Users\junio\AppData\Local\Temp\Rar$EXa0.862\vendor\git-for-windows\mingw64\bin;C:\Users\junio\AppData\Local\Temp\Rar$EXa0.862\vendor\git-for-windows\usr\bin;C:\Users\junio\AppData\Local\Temp\Rar$EXa0.862

Yarn version: 
  1.22.10

Node version: 
  14.15.5

Platform: 
  win32 x64

Trace: 
  SyntaxError: C:\Projetos\NotasAula\package.json: Unexpected string in JSON at position 263
      at JSON.parse (<anonymous>)
      at C:\Users\junio\AppData\Roaming\npm\node_modules\yarn\lib\cli.js:1625:59
      at Generator.next (<anonymous>)
      at step (C:\Users\junio\AppData\Roaming\npm\node_modules\yarn\lib\cli.js:310:30)
      at C:\Users\junio\AppData\Roaming\npm\node_modules\yarn\lib\cli.js:321:13

npm manifest: 
  {
    "name": "NotasAula",
    "version": "1.0.0",
    "description": "API Node.js aula de Programação Web ",
    "main": "app.js",
    "repository": "https://github.com/JuniorV51/NotasAula.git",
    "author": "JuniorVendra <junior_vendra@hotmail.com>",
    "license": "MIT"
    "scripts": {
      "start": "node app.js"
    }
  }

yarn manifest: 
  No manifest

Lockfile: 
  # THIS IS AN AUTOGENERATED FILE. DO NOT EDIT THIS FILE DIRECTLY.
  # yarn lockfile v1
